opt: Namespace(IoU_scale=1.4, IoU_thr=0.5, KNOW_BIRD_BB=False, additional_loss=True, all=False, attention_K=3, attri=0.01, attri_dim=98, avg_pool=False, awa_finetune=False, batch_size=64, beta1=0.5, calibrated_stacking=0.7, checkpointroot='./checkpoint', class_embedding='att', class_embedding_path='/home/xwj/data/2023_code/RS_ZSL/data/RSSDIVCS/files/ann_attr_finetune_43_splits.mat', classifier_lr=1e-06, cpt=1e-09, cuda=True, dataroot='./data', dataset='RSSDIVCS', gzsl=False, image_embedding='res101', image_embedding_path='/home/xwj/data/2023_code/RS_ZSL/data/RSSDIVCS/files/43_images.mat', image_root='/home/xwj/data/2023_code/RS_ZSL/data/RSSDIVCS/', image_type='test_unseen_loc', l_attri=0.08, l_regular=0.0, l_xe=1.0, lasso=False, manualSeed=3982, matdataset=True, max_area_center=False, n_batch=300, nepoch=30, ol=False, out_of_edge=False, preprocessing=True, pretrain_classifier='', pretrain_epoch=4, pretrain_lr=0.0001, pretrained=None, pro_size=3, pro_start_epoch=-1, pro_thr=1.0, pro_type=4, pro_weight=1, proto_warm=2, random_id=0, regular=0.0, resize_WH=False, resnet_path='./pretrained_models/resnet101_c.pth.tar', root='./', save_att=False, sel_res='layer', shots=3, standardization=False, train_id=123, train_mode='distributed', transform_mode='normal', use_group=True, use_proposal=False, validation=False, version=1, ways=8, xe=1.0, xe_pro=1.0)
Random Seed:  3982
feature.shape (56000, 2048)
attribute.shape: torch.Size([70, 98])
Create Model...
Train and test...

 2023-05-13 23:10:39 Training epoch 0
acc_final_all:35.0% acc_final_avg:35.0%
acc_layer_all:55.7% acc_layer_avg:55.7%
acc_pro_all:0.0% acc_pro_avg:0.0%
[Epoch 0 Batch 300] ZSL test accuracy is 55.7%, Best_acc [55.7% | Epoch-0]

[Epoch 0, Batch   300] Train loss: 7.369 

 2023-05-13 23:14:18 Training epoch 1
acc_final_all:35.6% acc_final_avg:35.6%
acc_layer_all:57.1% acc_layer_avg:57.1%
acc_pro_all:0.0% acc_pro_avg:0.0%
[Epoch 1 Batch 300] ZSL test accuracy is 57.1%, Best_acc [57.1% | Epoch-1]

[Epoch 1, Batch   300] Train loss: 7.343 

 2023-05-13 23:18:01 Training epoch 2
acc_final_all:35.9% acc_final_avg:35.9%
acc_layer_all:57.1% acc_layer_avg:57.1%
acc_pro_all:0.0% acc_pro_avg:0.0%
[Epoch 2 Batch 300] ZSL test accuracy is 57.1%, Best_acc [57.1% | Epoch-1]

[Epoch 2, Batch   300] Train loss: 7.316 

 2023-05-13 23:21:41 Training epoch 3
acc_final_all:39.5% acc_final_avg:39.5%
acc_layer_all:54.0% acc_layer_avg:54.0%
acc_pro_all:0.0% acc_pro_avg:0.0%
[Epoch 3 Batch 300] ZSL test accuracy is 54.0%, Best_acc [57.1% | Epoch-1]

[Epoch 3, Batch   300] Train loss: 7.285 

 2023-05-13 23:23:32 Training epoch 4
acc_final_all:43.3% acc_final_avg:43.3%
acc_layer_all:53.2% acc_layer_avg:53.2%
acc_pro_all:0.0% acc_pro_avg:0.0%
[Epoch 4 Batch 300] ZSL test accuracy is 53.2%, Best_acc [57.1% | Epoch-1]

[Epoch 4, Batch   300] Train loss: 7.273 

 2023-05-13 23:25:21 Training epoch 5
acc_final_all:56.5% acc_final_avg:56.5%
acc_layer_all:60.2% acc_layer_avg:60.2%
acc_pro_all:0.0% acc_pro_avg:0.0%
[Epoch 5 Batch 300] ZSL test accuracy is 60.2%, Best_acc [60.2% | Epoch-5]

[Epoch 5, Batch   300] Train loss: 7.201 

 2023-05-13 23:27:06 Training epoch 6
acc_final_all:58.1% acc_final_avg:58.1%
acc_layer_all:60.3% acc_layer_avg:60.3%
acc_pro_all:0.0% acc_pro_avg:0.0%
[Epoch 6 Batch 300] ZSL test accuracy is 60.3%, Best_acc [60.3% | Epoch-6]

[Epoch 6, Batch   300] Train loss: 7.114 

 2023-05-13 23:28:52 Training epoch 7
acc_final_all:55.3% acc_final_avg:55.3%
acc_layer_all:59.3% acc_layer_avg:59.3%
acc_pro_all:0.0% acc_pro_avg:0.0%
[Epoch 7 Batch 300] ZSL test accuracy is 59.3%, Best_acc [60.3% | Epoch-6]

[Epoch 7, Batch   300] Train loss: 7.053 

 2023-05-13 23:30:44 Training epoch 8
acc_final_all:54.3% acc_final_avg:54.3%
acc_layer_all:57.5% acc_layer_avg:57.5%
acc_pro_all:0.0% acc_pro_avg:0.0%
[Epoch 8 Batch 300] ZSL test accuracy is 57.5%, Best_acc [60.3% | Epoch-6]

[Epoch 8, Batch   300] Train loss: 7.002 

 2023-05-13 23:32:30 Training epoch 9
acc_final_all:52.7% acc_final_avg:52.7%
acc_layer_all:54.4% acc_layer_avg:54.4%
acc_pro_all:0.0% acc_pro_avg:0.0%
[Epoch 9 Batch 300] ZSL test accuracy is 54.4%, Best_acc [60.3% | Epoch-6]

[Epoch 9, Batch   300] Train loss: 6.982 

 2023-05-13 23:34:14 Training epoch 10
acc_final_all:52.4% acc_final_avg:52.4%
acc_layer_all:55.5% acc_layer_avg:55.5%
acc_pro_all:0.0% acc_pro_avg:0.0%
[Epoch 10 Batch 300] ZSL test accuracy is 55.5%, Best_acc [60.3% | Epoch-6]

[Epoch 10, Batch   300] Train loss: 6.952 

 2023-05-13 23:36:05 Training epoch 11
acc_final_all:51.1% acc_final_avg:51.1%
acc_layer_all:53.1% acc_layer_avg:53.1%
acc_pro_all:0.0% acc_pro_avg:0.0%
[Epoch 11 Batch 300] ZSL test accuracy is 53.1%, Best_acc [60.3% | Epoch-6]

[Epoch 11, Batch   300] Train loss: 6.925 

 2023-05-13 23:37:52 Training epoch 12
acc_final_all:51.9% acc_final_avg:51.9%
acc_layer_all:52.9% acc_layer_avg:52.9%
acc_pro_all:0.0% acc_pro_avg:0.0%
[Epoch 12 Batch 300] ZSL test accuracy is 52.9%, Best_acc [60.3% | Epoch-6]

[Epoch 12, Batch   300] Train loss: 6.923 

 2023-05-13 23:39:36 Training epoch 13
acc_final_all:49.5% acc_final_avg:49.5%
acc_layer_all:50.0% acc_layer_avg:50.0%
acc_pro_all:0.0% acc_pro_avg:0.0%
[Epoch 13 Batch 300] ZSL test accuracy is 50.0%, Best_acc [60.3% | Epoch-6]

[Epoch 13, Batch   300] Train loss: 6.910 

 2023-05-13 23:41:25 Training epoch 14
acc_final_all:48.6% acc_final_avg:48.6%
acc_layer_all:47.5% acc_layer_avg:47.5%
acc_pro_all:0.0% acc_pro_avg:0.0%
[Epoch 14 Batch 300] ZSL test accuracy is 47.5%, Best_acc [60.3% | Epoch-6]

[Epoch 14, Batch   300] Train loss: 6.898 

 2023-05-13 23:43:14 Training epoch 15
acc_final_all:47.4% acc_final_avg:47.4%
acc_layer_all:48.2% acc_layer_avg:48.2%
acc_pro_all:0.0% acc_pro_avg:0.0%
[Epoch 15 Batch 300] ZSL test accuracy is 48.2%, Best_acc [60.3% | Epoch-6]

[Epoch 15, Batch   300] Train loss: 6.893 

 2023-05-13 23:44:58 Training epoch 16
acc_final_all:46.4% acc_final_avg:46.4%
acc_layer_all:46.6% acc_layer_avg:46.6%
acc_pro_all:0.0% acc_pro_avg:0.0%
[Epoch 16 Batch 300] ZSL test accuracy is 46.6%, Best_acc [60.3% | Epoch-6]

[Epoch 16, Batch   300] Train loss: 6.885 

 2023-05-13 23:46:46 Training epoch 17
acc_final_all:49.4% acc_final_avg:49.4%
acc_layer_all:48.7% acc_layer_avg:48.7%
acc_pro_all:0.0% acc_pro_avg:0.0%
[Epoch 17 Batch 300] ZSL test accuracy is 48.7%, Best_acc [60.3% | Epoch-6]

[Epoch 17, Batch   300] Train loss: 6.872 

 2023-05-13 23:48:38 Training epoch 18
acc_final_all:46.9% acc_final_avg:46.9%
acc_layer_all:48.0% acc_layer_avg:48.0%
acc_pro_all:0.0% acc_pro_avg:0.0%
[Epoch 18 Batch 300] ZSL test accuracy is 48.0%, Best_acc [60.3% | Epoch-6]

[Epoch 18, Batch   300] Train loss: 6.862 

 2023-05-13 23:50:22 Training epoch 19
acc_final_all:44.4% acc_final_avg:44.4%
acc_layer_all:44.3% acc_layer_avg:44.3%
acc_pro_all:0.0% acc_pro_avg:0.0%
[Epoch 19 Batch 300] ZSL test accuracy is 44.3%, Best_acc [60.3% | Epoch-6]

[Epoch 19, Batch   300] Train loss: 6.858 

 2023-05-13 23:52:07 Training epoch 20
acc_final_all:47.0% acc_final_avg:47.0%
acc_layer_all:47.9% acc_layer_avg:47.9%
acc_pro_all:0.0% acc_pro_avg:0.0%
[Epoch 20 Batch 300] ZSL test accuracy is 47.9%, Best_acc [60.3% | Epoch-6]

[Epoch 20, Batch   300] Train loss: 6.852 

 2023-05-13 23:54:00 Training epoch 21
acc_final_all:46.1% acc_final_avg:46.1%
acc_layer_all:45.3% acc_layer_avg:45.3%
acc_pro_all:0.0% acc_pro_avg:0.0%
[Epoch 21 Batch 300] ZSL test accuracy is 45.3%, Best_acc [60.3% | Epoch-6]

[Epoch 21, Batch   300] Train loss: 6.856 

 2023-05-13 23:55:45 Training epoch 22
acc_final_all:46.9% acc_final_avg:46.9%
acc_layer_all:47.3% acc_layer_avg:47.3%
acc_pro_all:0.0% acc_pro_avg:0.0%
[Epoch 22 Batch 300] ZSL test accuracy is 47.3%, Best_acc [60.3% | Epoch-6]

[Epoch 22, Batch   300] Train loss: 6.838 

 2023-05-13 23:57:29 Training epoch 23
acc_final_all:44.3% acc_final_avg:44.3%
acc_layer_all:44.8% acc_layer_avg:44.8%
acc_pro_all:0.0% acc_pro_avg:0.0%
[Epoch 23 Batch 300] ZSL test accuracy is 44.8%, Best_acc [60.3% | Epoch-6]

[Epoch 23, Batch   300] Train loss: 6.830 

 2023-05-13 23:58:35 Training epoch 24
acc_final_all:43.7% acc_final_avg:43.7%
acc_layer_all:43.8% acc_layer_avg:43.8%
acc_pro_all:0.0% acc_pro_avg:0.0%
[Epoch 24 Batch 300] ZSL test accuracy is 43.8%, Best_acc [60.3% | Epoch-6]

[Epoch 24, Batch   300] Train loss: 6.839 

 2023-05-13 23:59:39 Training epoch 25
acc_final_all:44.6% acc_final_avg:44.6%
acc_layer_all:44.3% acc_layer_avg:44.3%
acc_pro_all:0.0% acc_pro_avg:0.0%
[Epoch 25 Batch 300] ZSL test accuracy is 44.3%, Best_acc [60.3% | Epoch-6]

[Epoch 25, Batch   300] Train loss: 6.839 

 2023-05-14 00:00:42 Training epoch 26
acc_final_all:45.2% acc_final_avg:45.2%
acc_layer_all:45.8% acc_layer_avg:45.8%
acc_pro_all:0.0% acc_pro_avg:0.0%
[Epoch 26 Batch 300] ZSL test accuracy is 45.8%, Best_acc [60.3% | Epoch-6]

[Epoch 26, Batch   300] Train loss: 6.827 

 2023-05-14 00:01:46 Training epoch 27
acc_final_all:44.7% acc_final_avg:44.7%
acc_layer_all:44.9% acc_layer_avg:44.9%
acc_pro_all:0.0% acc_pro_avg:0.0%
[Epoch 27 Batch 300] ZSL test accuracy is 44.9%, Best_acc [60.3% | Epoch-6]

[Epoch 27, Batch   300] Train loss: 6.822 

 2023-05-14 00:02:51 Training epoch 28
acc_final_all:44.6% acc_final_avg:44.6%
acc_layer_all:43.6% acc_layer_avg:43.6%
acc_pro_all:0.0% acc_pro_avg:0.0%
[Epoch 28 Batch 300] ZSL test accuracy is 43.6%, Best_acc [60.3% | Epoch-6]

[Epoch 28, Batch   300] Train loss: 6.812 

 2023-05-14 00:03:54 Training epoch 29
acc_final_all:43.6% acc_final_avg:43.6%
acc_layer_all:43.5% acc_layer_avg:43.5%
acc_pro_all:0.0% acc_pro_avg:0.0%
[Epoch 29 Batch 300] ZSL test accuracy is 43.5%, Best_acc [60.3% | Epoch-6]

[Epoch 29, Batch   300] Train loss: 6.809 
Test with iou
Traceback (most recent call last):
  File "./model/main_proposal_CLIP_nn.py", line 283, in <module>
    main()
  File "./model/main_proposal_CLIP_nn.py", line 277, in main
    attri_names=data.attri_name, required_num=5,
AttributeError: 'DATA_LOADER' object has no attribute 'attri_name'
Traceback (most recent call last):
  File "/home/yzj/data/code/ISPRS/ISPRS_2023_clean/code/./model/main.py", line 6, in <module>
    import visual_utils
  File "/home/yzj/data/code/ISPRS/ISPRS_2023_clean/code/model/visual_utils.py", line 11, in <module>
    import h5py
ModuleNotFoundError: No module named 'h5py'
opt: Namespace(dataset='RSSDIVCS', root='./', image_root='/home/xwj/data/2023_code/RS_ZSL/ISPRS_2023_clean/RSSDIVCS/', matdataset=True, image_embedding='res101', class_embedding='att', image_embedding_path='/home/xwj/data/2023_code/RS_ZSL/ISPRS_2023_clean/RSSDIVCS/files/43_images.mat', class_embedding_path='/home/xwj/data/2023_code/RS_ZSL/ISPRS_2023_clean/RSSDIVCS/files/ann_attr_finetune_43_splits.mat', random_id=0, preprocessing=True, standardization=False, ol=False, validation=False, batch_size=64, nepoch=30, classifier_lr=1e-06, beta1=0.5, cuda=True, pretrain_classifier='', manualSeed=3982, resnet_path='./pretrained_models/resnet101_c.pth.tar', train_id=123, pretrained=None, image_type='test_unseen_loc', pretrain_epoch=4, proto_warm=2, pretrain_lr=0.0001, gzsl=False, additional_loss=True, xe=1.0, attri=0.01, regular=0.0, l_xe=1.0, l_attri=0.08, l_regular=0.0, xe_pro=1.0, pro_type=4, attention_K=3, pro_size=3, pro_thr=1.0, pro_weight=1, pro_start_epoch=-1, cpt=1e-09, calibrated_stacking=0.7, save_att=False, IoU_scale=1.4, IoU_thr=0.5, resize_WH=False, out_of_edge=False, max_area_center=False, KNOW_BIRD_BB=False, train_mode='distributed', n_batch=300, ways=8, shots=3, transform_mode='normal', awa_finetune=False, use_group=True, avg_pool=False, sel_res='layer', all=False, use_proposal=False, version=1, attri_dim=98, lasso=False, dataroot='./data', checkpointroot='./checkpoint')
Random Seed:  3982
feature.shape (56000, 2048)
attribute.shape: torch.Size([70, 98])
Create Model...
version=1
Train and test...

 2023-11-20 21:01:37 Training epoch 0
acc_final_all:34.5% acc_final_avg:34.5%
acc_layer_all:55.0% acc_layer_avg:55.0%
acc_pro_all:0.0% acc_pro_avg:0.0%
[Epoch 0 Batch 300] ZSL test accuracy is 55.0%, Best_acc [55.0% | Epoch-0]

[Epoch 0, Batch   300] Train loss: 7.369 

 2023-11-20 21:05:16 Training epoch 1
acc_final_all:35.3% acc_final_avg:35.3%
acc_layer_all:56.3% acc_layer_avg:56.3%
acc_pro_all:0.0% acc_pro_avg:0.0%
[Epoch 1 Batch 300] ZSL test accuracy is 56.3%, Best_acc [56.3% | Epoch-1]

[Epoch 1, Batch   300] Train loss: 7.343 

 2023-11-20 21:09:05 Training epoch 2
acc_final_all:35.6% acc_final_avg:35.6%
acc_layer_all:56.3% acc_layer_avg:56.3%
acc_pro_all:0.0% acc_pro_avg:0.0%
[Epoch 2 Batch 300] ZSL test accuracy is 56.3%, Best_acc [56.3% | Epoch-1]

[Epoch 2, Batch   300] Train loss: 7.317 

 2023-11-20 21:12:51 Training epoch 3
acc_final_all:38.9% acc_final_avg:38.9%
acc_layer_all:53.8% acc_layer_avg:53.8%
acc_pro_all:0.0% acc_pro_avg:0.0%
[Epoch 3 Batch 300] ZSL test accuracy is 53.8%, Best_acc [56.3% | Epoch-1]

[Epoch 3, Batch   300] Train loss: 7.285 

 2023-11-20 21:15:54 Training epoch 4
acc_final_all:42.8% acc_final_avg:42.8%
acc_layer_all:52.5% acc_layer_avg:52.5%
acc_pro_all:0.0% acc_pro_avg:0.0%
[Epoch 4 Batch 300] ZSL test accuracy is 52.5%, Best_acc [56.3% | Epoch-1]

[Epoch 4, Batch   300] Train loss: 7.274 

 2023-11-20 21:18:19 Training epoch 5
acc_final_all:56.2% acc_final_avg:56.2%
acc_layer_all:60.2% acc_layer_avg:60.2%
acc_pro_all:0.0% acc_pro_avg:0.0%
[Epoch 5 Batch 300] ZSL test accuracy is 60.2%, Best_acc [60.2% | Epoch-5]

[Epoch 5, Batch   300] Train loss: 7.202 

 2023-11-20 21:20:42 Training epoch 6
acc_final_all:58.3% acc_final_avg:58.3%
acc_layer_all:60.8% acc_layer_avg:60.8%
acc_pro_all:0.0% acc_pro_avg:0.0%
[Epoch 6 Batch 300] ZSL test accuracy is 60.8%, Best_acc [60.8% | Epoch-6]

[Epoch 6, Batch   300] Train loss: 7.116 

 2023-11-20 21:23:10 Training epoch 7
acc_final_all:55.6% acc_final_avg:55.6%
acc_layer_all:59.1% acc_layer_avg:59.1%
acc_pro_all:0.0% acc_pro_avg:0.0%
[Epoch 7 Batch 300] ZSL test accuracy is 59.1%, Best_acc [60.8% | Epoch-6]

[Epoch 7, Batch   300] Train loss: 7.055 

 2023-11-20 21:25:40 Training epoch 8
acc_final_all:55.0% acc_final_avg:55.0%
acc_layer_all:58.5% acc_layer_avg:58.5%
acc_pro_all:0.0% acc_pro_avg:0.0%
[Epoch 8 Batch 300] ZSL test accuracy is 58.5%, Best_acc [60.8% | Epoch-6]

[Epoch 8, Batch   300] Train loss: 7.005 

 2023-11-20 21:28:06 Training epoch 9
acc_final_all:52.5% acc_final_avg:52.5%
acc_layer_all:55.4% acc_layer_avg:55.4%
acc_pro_all:0.0% acc_pro_avg:0.0%
[Epoch 9 Batch 300] ZSL test accuracy is 55.4%, Best_acc [60.8% | Epoch-6]

[Epoch 9, Batch   300] Train loss: 6.984 

 2023-11-20 21:30:33 Training epoch 10
acc_final_all:52.4% acc_final_avg:52.4%
acc_layer_all:56.9% acc_layer_avg:56.9%
acc_pro_all:0.0% acc_pro_avg:0.0%
[Epoch 10 Batch 300] ZSL test accuracy is 56.9%, Best_acc [60.8% | Epoch-6]

[Epoch 10, Batch   300] Train loss: 6.955 

 2023-11-20 21:33:07 Training epoch 11
acc_final_all:52.0% acc_final_avg:52.0%
acc_layer_all:53.8% acc_layer_avg:53.8%
acc_pro_all:0.0% acc_pro_avg:0.0%
[Epoch 11 Batch 300] ZSL test accuracy is 53.8%, Best_acc [60.8% | Epoch-6]

[Epoch 11, Batch   300] Train loss: 6.927 

 2023-11-20 21:35:33 Training epoch 12
acc_final_all:51.4% acc_final_avg:51.4%
acc_layer_all:53.0% acc_layer_avg:53.0%
acc_pro_all:0.0% acc_pro_avg:0.0%
[Epoch 12 Batch 300] ZSL test accuracy is 53.0%, Best_acc [60.8% | Epoch-6]

[Epoch 12, Batch   300] Train loss: 6.925 

 2023-11-20 21:37:58 Training epoch 13
acc_final_all:48.3% acc_final_avg:48.3%
acc_layer_all:49.5% acc_layer_avg:49.4%
acc_pro_all:0.0% acc_pro_avg:0.0%
[Epoch 13 Batch 300] ZSL test accuracy is 49.4%, Best_acc [60.8% | Epoch-6]

[Epoch 13, Batch   300] Train loss: 6.912 

 2023-11-20 21:40:31 Training epoch 14
acc_final_all:49.9% acc_final_avg:49.9%
acc_layer_all:51.0% acc_layer_avg:51.0%
acc_pro_all:0.0% acc_pro_avg:0.0%
[Epoch 14 Batch 300] ZSL test accuracy is 51.0%, Best_acc [60.8% | Epoch-6]

[Epoch 14, Batch   300] Train loss: 6.899 

 2023-11-20 21:43:00 Training epoch 15
acc_final_all:49.0% acc_final_avg:49.0%
acc_layer_all:50.5% acc_layer_avg:50.5%
acc_pro_all:0.0% acc_pro_avg:0.0%
[Epoch 15 Batch 300] ZSL test accuracy is 50.5%, Best_acc [60.8% | Epoch-6]

[Epoch 15, Batch   300] Train loss: 6.895 

 2023-11-20 21:45:26 Training epoch 16
acc_final_all:46.6% acc_final_avg:46.6%
acc_layer_all:48.0% acc_layer_avg:48.0%
acc_pro_all:0.0% acc_pro_avg:0.0%
[Epoch 16 Batch 300] ZSL test accuracy is 48.0%, Best_acc [60.8% | Epoch-6]

[Epoch 16, Batch   300] Train loss: 6.886 

 2023-11-20 21:47:59 Training epoch 17
acc_final_all:49.3% acc_final_avg:49.3%
acc_layer_all:48.7% acc_layer_avg:48.7%
acc_pro_all:0.0% acc_pro_avg:0.0%
[Epoch 17 Batch 300] ZSL test accuracy is 48.7%, Best_acc [60.8% | Epoch-6]

[Epoch 17, Batch   300] Train loss: 6.875 

 2023-11-20 21:50:28 Training epoch 18
acc_final_all:48.3% acc_final_avg:48.3%
acc_layer_all:49.0% acc_layer_avg:49.0%
acc_pro_all:0.0% acc_pro_avg:0.0%
[Epoch 18 Batch 300] ZSL test accuracy is 49.0%, Best_acc [60.8% | Epoch-6]

[Epoch 18, Batch   300] Train loss: 6.864 

 2023-11-20 21:52:54 Training epoch 19
acc_final_all:45.6% acc_final_avg:45.6%
acc_layer_all:45.2% acc_layer_avg:45.2%
acc_pro_all:0.0% acc_pro_avg:0.0%
[Epoch 19 Batch 300] ZSL test accuracy is 45.2%, Best_acc [60.8% | Epoch-6]

[Epoch 19, Batch   300] Train loss: 6.860 

 2023-11-20 21:55:24 Training epoch 20
acc_final_all:47.3% acc_final_avg:47.3%
acc_layer_all:48.3% acc_layer_avg:48.3%
acc_pro_all:0.0% acc_pro_avg:0.0%
[Epoch 20 Batch 300] ZSL test accuracy is 48.3%, Best_acc [60.8% | Epoch-6]

[Epoch 20, Batch   300] Train loss: 6.854 

 2023-11-20 21:57:56 Training epoch 21
acc_final_all:46.9% acc_final_avg:46.9%
acc_layer_all:47.2% acc_layer_avg:47.2%
acc_pro_all:0.0% acc_pro_avg:0.0%
[Epoch 21 Batch 300] ZSL test accuracy is 47.2%, Best_acc [60.8% | Epoch-6]

[Epoch 21, Batch   300] Train loss: 6.857 

 2023-11-20 22:00:21 Training epoch 22
acc_final_all:47.2% acc_final_avg:47.2%
acc_layer_all:47.2% acc_layer_avg:47.2%
acc_pro_all:0.0% acc_pro_avg:0.0%
[Epoch 22 Batch 300] ZSL test accuracy is 47.2%, Best_acc [60.8% | Epoch-6]

[Epoch 22, Batch   300] Train loss: 6.840 

 2023-11-20 22:02:45 Training epoch 23
acc_final_all:43.7% acc_final_avg:43.7%
acc_layer_all:44.6% acc_layer_avg:44.6%
acc_pro_all:0.0% acc_pro_avg:0.0%
[Epoch 23 Batch 300] ZSL test accuracy is 44.6%, Best_acc [60.8% | Epoch-6]

[Epoch 23, Batch   300] Train loss: 6.832 

 2023-11-20 22:04:30 Training epoch 24
acc_final_all:43.1% acc_final_avg:43.1%
acc_layer_all:43.7% acc_layer_avg:43.7%
acc_pro_all:0.0% acc_pro_avg:0.0%
[Epoch 24 Batch 300] ZSL test accuracy is 43.7%, Best_acc [60.8% | Epoch-6]

[Epoch 24, Batch   300] Train loss: 6.841 

 2023-11-20 22:06:15 Training epoch 25
acc_final_all:44.1% acc_final_avg:44.1%
acc_layer_all:43.4% acc_layer_avg:43.4%
acc_pro_all:0.0% acc_pro_avg:0.0%
[Epoch 25 Batch 300] ZSL test accuracy is 43.4%, Best_acc [60.8% | Epoch-6]

[Epoch 25, Batch   300] Train loss: 6.841 

 2023-11-20 22:08:01 Training epoch 26
acc_final_all:44.4% acc_final_avg:44.4%
acc_layer_all:44.6% acc_layer_avg:44.6%
acc_pro_all:0.0% acc_pro_avg:0.0%
[Epoch 26 Batch 300] ZSL test accuracy is 44.6%, Best_acc [60.8% | Epoch-6]

[Epoch 26, Batch   300] Train loss: 6.828 

 2023-11-20 22:09:46 Training epoch 27
acc_final_all:44.6% acc_final_avg:44.6%
acc_layer_all:44.0% acc_layer_avg:44.0%
acc_pro_all:0.0% acc_pro_avg:0.0%
[Epoch 27 Batch 300] ZSL test accuracy is 44.0%, Best_acc [60.8% | Epoch-6]

[Epoch 27, Batch   300] Train loss: 6.823 

 2023-11-20 22:11:32 Training epoch 28
acc_final_all:44.2% acc_final_avg:44.2%
acc_layer_all:42.6% acc_layer_avg:42.6%
acc_pro_all:0.0% acc_pro_avg:0.0%
[Epoch 28 Batch 300] ZSL test accuracy is 42.6%, Best_acc [60.8% | Epoch-6]

[Epoch 28, Batch   300] Train loss: 6.813 

 2023-11-20 22:13:17 Training epoch 29
acc_final_all:44.0% acc_final_avg:44.0%
acc_layer_all:42.9% acc_layer_avg:42.9%
acc_pro_all:0.0% acc_pro_avg:0.0%
[Epoch 29 Batch 300] ZSL test accuracy is 42.9%, Best_acc [60.8% | Epoch-6]

[Epoch 29, Batch   300] Train loss: 6.810 
opt: Namespace(dataset='RSSDIVCS', root='./', image_root='/home/yzj/data/code/ISPRS/ISPRS_2023_clean/RSSDIVCS/', matdataset=True, image_embedding='res101', class_embedding='att', image_embedding_path='/home/yzj/data/code/ISPRS/ISPRS_2023_clean/RSSDIVCS/files/43_images.mat', class_embedding_path='/home/yzj/data/code/ISPRS/ISPRS_2023_clean/RSSDIVCS/files/ann_attr_finetune_43_splits.mat', random_id=0, preprocessing=True, standardization=False, ol=False, validation=False, batch_size=64, nepoch=30, classifier_lr=1e-06, beta1=0.5, cuda=True, pretrain_classifier='', manualSeed=3982, resnet_path='./pretrained_models/resnet101_c.pth.tar', train_id=123, pretrained=None, image_type='test_unseen_loc', pretrain_epoch=4, proto_warm=2, pretrain_lr=0.0001, gzsl=False, additional_loss=True, xe=1.0, attri=0.01, regular=0.0, l_xe=1.0, l_attri=0.08, l_regular=0.0, xe_pro=1.0, pro_type=4, attention_K=3, pro_size=3, pro_thr=1.0, pro_weight=1, pro_start_epoch=-1, cpt=1e-09, calibrated_stacking=0.7, save_att=False, IoU_scale=1.4, IoU_thr=0.5, resize_WH=False, out_of_edge=False, max_area_center=False, KNOW_BIRD_BB=False, train_mode='distributed', n_batch=300, ways=8, shots=3, transform_mode='normal', awa_finetune=False, use_group=True, avg_pool=False, sel_res='layer', all=False, use_proposal=False, version=1, attri_dim=98, lasso=False, dataroot='./data', checkpointroot='./checkpoint')
Random Seed:  3982
feature.shape (56000, 2048)
attribute.shape: torch.Size([70, 98])
Create Model...
version=1
Train and test...

 2024-02-23 10:46:28 Training epoch 0
opt: Namespace(dataset='RSSDIVCS', root='./', image_root='/home/yzj/data/code/ISPRS/ISPRS_2023_clean/RSSDIVCS/', matdataset=True, image_embedding='res101', class_embedding='att', image_embedding_path='/home/yzj/data/code/ISPRS/ISPRS_2023_clean/RSSDIVCS/files/43_images.mat', class_embedding_path='/home/yzj/data/code/ISPRS/ISPRS_2023_clean/RSSDIVCS/files/ann_attr_finetune_43_splits.mat', random_id=0, preprocessing=True, standardization=False, ol=False, validation=False, batch_size=64, nepoch=30, classifier_lr=1e-06, beta1=0.5, cuda=True, pretrain_classifier='', manualSeed=3982, resnet_path='./pretrained_models/resnet101_c.pth.tar', train_id=123, pretrained=None, image_type='test_unseen_loc', pretrain_epoch=4, proto_warm=2, pretrain_lr=0.0001, gzsl=False, additional_loss=True, xe=1.0, attri=0.01, regular=0.0, l_xe=1.0, l_attri=0.08, l_regular=0.0, xe_pro=1.0, pro_type=4, attention_K=3, pro_size=3, pro_thr=1.0, pro_weight=1, pro_start_epoch=-1, cpt=1e-09, calibrated_stacking=0.7, save_att=False, IoU_scale=1.4, IoU_thr=0.5, resize_WH=False, out_of_edge=False, max_area_center=False, KNOW_BIRD_BB=False, train_mode='distributed', n_batch=300, ways=8, shots=3, transform_mode='normal', awa_finetune=False, use_group=True, avg_pool=False, sel_res='layer', all=False, use_proposal=False, version=1, attri_dim=98, lasso=False, dataroot='./data', checkpointroot='./checkpoint')
Random Seed:  3982
feature.shape (56000, 2048)
attribute.shape: torch.Size([70, 98])
Create Model...
version=1
Train and test...

 2024-02-23 10:47:01 Training epoch 0
opt: Namespace(dataset='RSSDIVCS', root='./', image_root='/home/yzj/data/code/ISPRS/ISPRS_2023_clean/RSSDIVCS/', matdataset=True, image_embedding='res101', class_embedding='att', image_embedding_path='/home/yzj/data/code/ISPRS/ISPRS_2023_clean/RSSDIVCS/files/43_images.mat', class_embedding_path='/home/yzj/data/code/ISPRS/ISPRS_2023_clean/RSSDIVCS/files/ann_attr_finetune_43_splits.mat', random_id=0, preprocessing=True, standardization=False, ol=False, validation=False, batch_size=64, nepoch=30, classifier_lr=1e-06, beta1=0.5, cuda=True, pretrain_classifier='', manualSeed=3982, resnet_path='./pretrained_models/resnet101_c.pth.tar', train_id=123, pretrained=None, image_type='test_unseen_loc', pretrain_epoch=4, proto_warm=2, pretrain_lr=0.0001, gzsl=False, additional_loss=True, xe=1.0, attri=0.01, regular=0.0, l_xe=1.0, l_attri=0.08, l_regular=0.0, xe_pro=1.0, pro_type=4, attention_K=3, pro_size=3, pro_thr=1.0, pro_weight=1, pro_start_epoch=-1, cpt=1e-09, calibrated_stacking=0.7, save_att=False, IoU_scale=1.4, IoU_thr=0.5, resize_WH=False, out_of_edge=False, max_area_center=False, KNOW_BIRD_BB=False, train_mode='distributed', n_batch=300, ways=8, shots=3, transform_mode='normal', awa_finetune=False, use_group=True, avg_pool=False, sel_res='layer', all=False, use_proposal=False, version=1, attri_dim=98, lasso=False, dataroot='./data', checkpointroot='./checkpoint')
Random Seed:  3982
feature.shape (56000, 2048)
attribute.shape: torch.Size([70, 98])
Create Model...
version=1
Train and test...

 2024-02-23 10:47:11 Training epoch 0
acc_final_all:34.9% acc_final_avg:34.9%
acc_layer_all:55.7% acc_layer_avg:55.7%
acc_pro_all:0.0% acc_pro_avg:0.0%
[Epoch 0 Batch 300] ZSL test accuracy is 55.7%, Best_acc [55.7% | Epoch-0]

[Epoch 0, Batch   300] Train loss: 7.369 

 2024-02-23 10:49:55 Training epoch 1
acc_final_all:34.9% acc_final_avg:34.9%
acc_layer_all:55.7% acc_layer_avg:55.7%
acc_pro_all:0.0% acc_pro_avg:0.0%
[Epoch 0 Batch 300] ZSL test accuracy is 55.7%, Best_acc [55.7% | Epoch-0]

[Epoch 0, Batch   300] Train loss: 7.369 

 2024-02-23 10:50:05 Training epoch 1
acc_final_all:34.9% acc_final_avg:34.9%
acc_layer_all:55.7% acc_layer_avg:55.7%
acc_pro_all:0.0% acc_pro_avg:0.0%
[Epoch 0 Batch 300] ZSL test accuracy is 55.7%, Best_acc [55.7% | Epoch-0]

[Epoch 0, Batch   300] Train loss: 7.369 

 2024-02-23 10:50:24 Training epoch 1
acc_final_all:35.6% acc_final_avg:35.6%
acc_layer_all:57.0% acc_layer_avg:57.0%
acc_pro_all:0.0% acc_pro_avg:0.0%
[Epoch 1 Batch 300] ZSL test accuracy is 57.0%, Best_acc [57.0% | Epoch-1]

[Epoch 1, Batch   300] Train loss: 7.343 

 2024-02-23 10:53:19 Training epoch 2
acc_final_all:35.6% acc_final_avg:35.6%
acc_layer_all:57.0% acc_layer_avg:57.0%
acc_pro_all:0.0% acc_pro_avg:0.0%
[Epoch 1 Batch 300] ZSL test accuracy is 57.0%, Best_acc [57.0% | Epoch-1]

[Epoch 1, Batch   300] Train loss: 7.343 

 2024-02-23 10:53:26 Training epoch 2
acc_final_all:35.6% acc_final_avg:35.6%
acc_layer_all:57.0% acc_layer_avg:57.0%
acc_pro_all:0.0% acc_pro_avg:0.0%
[Epoch 1 Batch 300] ZSL test accuracy is 57.0%, Best_acc [57.0% | Epoch-1]

[Epoch 1, Batch   300] Train loss: 7.343 

 2024-02-23 10:53:51 Training epoch 2
acc_final_all:36.0% acc_final_avg:36.0%
acc_layer_all:57.1% acc_layer_avg:57.1%
acc_pro_all:0.0% acc_pro_avg:0.0%
[Epoch 2 Batch 300] ZSL test accuracy is 57.1%, Best_acc [57.1% | Epoch-2]

[Epoch 2, Batch   300] Train loss: 7.316 

 2024-02-23 10:56:39 Training epoch 3
acc_final_all:36.0% acc_final_avg:36.0%
acc_layer_all:57.1% acc_layer_avg:57.1%
acc_pro_all:0.0% acc_pro_avg:0.0%
[Epoch 2 Batch 300] ZSL test accuracy is 57.1%, Best_acc [57.1% | Epoch-2]

[Epoch 2, Batch   300] Train loss: 7.316 

 2024-02-23 10:56:43 Training epoch 3
acc_final_all:36.0% acc_final_avg:36.0%
acc_layer_all:57.1% acc_layer_avg:57.1%
acc_pro_all:0.0% acc_pro_avg:0.0%
[Epoch 2 Batch 300] ZSL test accuracy is 57.1%, Best_acc [57.1% | Epoch-2]

[Epoch 2, Batch   300] Train loss: 7.316 

 2024-02-23 10:57:11 Training epoch 3
acc_final_all:39.4% acc_final_avg:39.4%
acc_layer_all:54.1% acc_layer_avg:54.1%
acc_pro_all:0.0% acc_pro_avg:0.0%
[Epoch 3 Batch 300] ZSL test accuracy is 54.1%, Best_acc [57.1% | Epoch-2]

[Epoch 3, Batch   300] Train loss: 7.285 

 2024-02-23 10:59:56 Training epoch 4
acc_final_all:39.4% acc_final_avg:39.4%
acc_layer_all:54.1% acc_layer_avg:54.1%
acc_pro_all:0.0% acc_pro_avg:0.0%
[Epoch 3 Batch 300] ZSL test accuracy is 54.1%, Best_acc [57.1% | Epoch-2]

[Epoch 3, Batch   300] Train loss: 7.285 

 2024-02-23 11:00:03 Training epoch 4
acc_final_all:39.4% acc_final_avg:39.4%
acc_layer_all:54.1% acc_layer_avg:54.1%
acc_pro_all:0.0% acc_pro_avg:0.0%
[Epoch 3 Batch 300] ZSL test accuracy is 54.1%, Best_acc [57.1% | Epoch-2]

[Epoch 3, Batch   300] Train loss: 7.285 

 2024-02-23 11:00:28 Training epoch 4
acc_final_all:43.3% acc_final_avg:43.3%
acc_layer_all:53.2% acc_layer_avg:53.2%
acc_pro_all:0.0% acc_pro_avg:0.0%
[Epoch 4 Batch 300] ZSL test accuracy is 53.2%, Best_acc [57.1% | Epoch-2]

[Epoch 4, Batch   300] Train loss: 7.273 

 2024-02-23 11:03:26 Training epoch 5
acc_final_all:43.3% acc_final_avg:43.3%
acc_layer_all:53.2% acc_layer_avg:53.2%
acc_pro_all:0.0% acc_pro_avg:0.0%
[Epoch 4 Batch 300] ZSL test accuracy is 53.2%, Best_acc [57.1% | Epoch-2]

[Epoch 4, Batch   300] Train loss: 7.273 

 2024-02-23 11:03:30 Training epoch 5
acc_final_all:43.3% acc_final_avg:43.3%
acc_layer_all:53.2% acc_layer_avg:53.2%
acc_pro_all:0.0% acc_pro_avg:0.0%
[Epoch 4 Batch 300] ZSL test accuracy is 53.2%, Best_acc [57.1% | Epoch-2]

[Epoch 4, Batch   300] Train loss: 7.273 

 2024-02-23 11:03:48 Training epoch 5
acc_final_all:56.5% acc_final_avg:56.5%
acc_layer_all:60.4% acc_layer_avg:60.4%
acc_pro_all:0.0% acc_pro_avg:0.0%
[Epoch 5 Batch 300] ZSL test accuracy is 60.4%, Best_acc [60.4% | Epoch-5]

[Epoch 5, Batch   300] Train loss: 7.201 

 2024-02-23 11:06:49 Training epoch 6
acc_final_all:56.5% acc_final_avg:56.5%
acc_layer_all:60.4% acc_layer_avg:60.4%
acc_pro_all:0.0% acc_pro_avg:0.0%
[Epoch 5 Batch 300] ZSL test accuracy is 60.4%, Best_acc [60.4% | Epoch-5]

[Epoch 5, Batch   300] Train loss: 7.201 

 2024-02-23 11:07:09 Training epoch 6
acc_final_all:56.5% acc_final_avg:56.5%
acc_layer_all:60.4% acc_layer_avg:60.4%
acc_pro_all:0.0% acc_pro_avg:0.0%
[Epoch 5 Batch 300] ZSL test accuracy is 60.4%, Best_acc [60.4% | Epoch-5]

[Epoch 5, Batch   300] Train loss: 7.201 

 2024-02-23 11:07:16 Training epoch 6
acc_final_all:58.0% acc_final_avg:58.0%
acc_layer_all:60.2% acc_layer_avg:60.2%
acc_pro_all:0.0% acc_pro_avg:0.0%
[Epoch 6 Batch 300] ZSL test accuracy is 60.2%, Best_acc [60.4% | Epoch-5]

[Epoch 6, Batch   300] Train loss: 7.114 

 2024-02-23 11:10:15 Training epoch 7
acc_final_all:58.0% acc_final_avg:58.0%
acc_layer_all:60.2% acc_layer_avg:60.2%
acc_pro_all:0.0% acc_pro_avg:0.0%
[Epoch 6 Batch 300] ZSL test accuracy is 60.2%, Best_acc [60.4% | Epoch-5]

[Epoch 6, Batch   300] Train loss: 7.114 

 2024-02-23 11:10:45 Training epoch 7
acc_final_all:58.0% acc_final_avg:58.0%
acc_layer_all:60.2% acc_layer_avg:60.2%
acc_pro_all:0.0% acc_pro_avg:0.0%
[Epoch 6 Batch 300] ZSL test accuracy is 60.2%, Best_acc [60.4% | Epoch-5]

[Epoch 6, Batch   300] Train loss: 7.114 

 2024-02-23 11:10:47 Training epoch 7
acc_final_all:55.9% acc_final_avg:55.9%
acc_layer_all:60.0% acc_layer_avg:60.0%
acc_pro_all:0.0% acc_pro_avg:0.0%
[Epoch 7 Batch 300] ZSL test accuracy is 60.0%, Best_acc [60.4% | Epoch-5]

[Epoch 7, Batch   300] Train loss: 7.053 

 2024-02-23 11:13:39 Training epoch 8
acc_final_all:55.9% acc_final_avg:55.9%
acc_layer_all:60.0% acc_layer_avg:60.0%
acc_pro_all:0.0% acc_pro_avg:0.0%
[Epoch 7 Batch 300] ZSL test accuracy is 60.0%, Best_acc [60.4% | Epoch-5]

[Epoch 7, Batch   300] Train loss: 7.053 

 2024-02-23 11:14:21 Training epoch 8
acc_final_all:55.9% acc_final_avg:55.9%
acc_layer_all:60.0% acc_layer_avg:60.0%
acc_pro_all:0.0% acc_pro_avg:0.0%
[Epoch 7 Batch 300] ZSL test accuracy is 60.0%, Best_acc [60.4% | Epoch-5]

[Epoch 7, Batch   300] Train loss: 7.053 

 2024-02-23 11:14:25 Training epoch 8
acc_final_all:54.3% acc_final_avg:54.3%
acc_layer_all:57.6% acc_layer_avg:57.6%
acc_pro_all:0.0% acc_pro_avg:0.0%
[Epoch 8 Batch 300] ZSL test accuracy is 57.6%, Best_acc [60.4% | Epoch-5]

[Epoch 8, Batch   300] Train loss: 7.002 

 2024-02-23 11:16:51 Training epoch 9
acc_final_all:54.3% acc_final_avg:54.3%
acc_layer_all:57.6% acc_layer_avg:57.6%
acc_pro_all:0.0% acc_pro_avg:0.0%
[Epoch 8 Batch 300] ZSL test accuracy is 57.6%, Best_acc [60.4% | Epoch-5]

[Epoch 8, Batch   300] Train loss: 7.002 

 2024-02-23 11:17:48 Training epoch 9
acc_final_all:54.3% acc_final_avg:54.3%
acc_layer_all:57.6% acc_layer_avg:57.6%
acc_pro_all:0.0% acc_pro_avg:0.0%
[Epoch 8 Batch 300] ZSL test accuracy is 57.6%, Best_acc [60.4% | Epoch-5]

[Epoch 8, Batch   300] Train loss: 7.002 

 2024-02-23 11:18:05 Training epoch 9
acc_final_all:52.8% acc_final_avg:52.8%
acc_layer_all:55.2% acc_layer_avg:55.2%
acc_pro_all:0.0% acc_pro_avg:0.0%
[Epoch 9 Batch 300] ZSL test accuracy is 55.2%, Best_acc [60.4% | Epoch-5]

[Epoch 9, Batch   300] Train loss: 6.981 

 2024-02-23 11:20:40 Training epoch 10
acc_final_all:52.8% acc_final_avg:52.8%
acc_layer_all:55.2% acc_layer_avg:55.2%
acc_pro_all:0.0% acc_pro_avg:0.0%
[Epoch 9 Batch 300] ZSL test accuracy is 55.2%, Best_acc [60.4% | Epoch-5]

[Epoch 9, Batch   300] Train loss: 6.981 

 2024-02-23 11:21:21 Training epoch 10
acc_final_all:52.8% acc_final_avg:52.8%
acc_layer_all:55.2% acc_layer_avg:55.2%
acc_pro_all:0.0% acc_pro_avg:0.0%
[Epoch 9 Batch 300] ZSL test accuracy is 55.2%, Best_acc [60.4% | Epoch-5]

[Epoch 9, Batch   300] Train loss: 6.981 

 2024-02-23 11:21:26 Training epoch 10
acc_final_all:52.3% acc_final_avg:52.3%
acc_layer_all:56.1% acc_layer_avg:56.1%
acc_pro_all:0.0% acc_pro_avg:0.0%
[Epoch 10 Batch 300] ZSL test accuracy is 56.1%, Best_acc [60.4% | Epoch-5]

[Epoch 10, Batch   300] Train loss: 6.952 

 2024-02-23 11:23:43 Training epoch 11
acc_final_all:52.3% acc_final_avg:52.3%
acc_layer_all:56.1% acc_layer_avg:56.1%
acc_pro_all:0.0% acc_pro_avg:0.0%
[Epoch 10 Batch 300] ZSL test accuracy is 56.1%, Best_acc [60.4% | Epoch-5]

[Epoch 10, Batch   300] Train loss: 6.952 

 2024-02-23 11:24:21 Training epoch 11
acc_final_all:52.3% acc_final_avg:52.3%
acc_layer_all:56.1% acc_layer_avg:56.1%
acc_pro_all:0.0% acc_pro_avg:0.0%
[Epoch 10 Batch 300] ZSL test accuracy is 56.1%, Best_acc [60.4% | Epoch-5]

[Epoch 10, Batch   300] Train loss: 6.952 

 2024-02-23 11:24:31 Training epoch 11
acc_final_all:51.7% acc_final_avg:51.7%
acc_layer_all:53.9% acc_layer_avg:54.0%
acc_pro_all:0.0% acc_pro_avg:0.0%
[Epoch 11 Batch 300] ZSL test accuracy is 54.0%, Best_acc [60.4% | Epoch-5]

[Epoch 11, Batch   300] Train loss: 6.926 

 2024-02-23 11:26:42 Training epoch 12
acc_final_all:51.7% acc_final_avg:51.7%
acc_layer_all:53.9% acc_layer_avg:54.0%
acc_pro_all:0.0% acc_pro_avg:0.0%
[Epoch 11 Batch 300] ZSL test accuracy is 54.0%, Best_acc [60.4% | Epoch-5]

[Epoch 11, Batch   300] Train loss: 6.926 

 2024-02-23 11:27:21 Training epoch 12
acc_final_all:51.7% acc_final_avg:51.7%
acc_layer_all:53.9% acc_layer_avg:54.0%
acc_pro_all:0.0% acc_pro_avg:0.0%
[Epoch 11 Batch 300] ZSL test accuracy is 54.0%, Best_acc [60.4% | Epoch-5]

[Epoch 11, Batch   300] Train loss: 6.926 

 2024-02-23 11:27:40 Training epoch 12
acc_final_all:51.7% acc_final_avg:51.7%
acc_layer_all:52.6% acc_layer_avg:52.7%
acc_pro_all:0.0% acc_pro_avg:0.0%
[Epoch 12 Batch 300] ZSL test accuracy is 52.7%, Best_acc [60.4% | Epoch-5]

[Epoch 12, Batch   300] Train loss: 6.923 

 2024-02-23 11:29:40 Training epoch 13
acc_final_all:51.7% acc_final_avg:51.7%
acc_layer_all:52.6% acc_layer_avg:52.7%
acc_pro_all:0.0% acc_pro_avg:0.0%
[Epoch 12 Batch 300] ZSL test accuracy is 52.7%, Best_acc [60.4% | Epoch-5]

[Epoch 12, Batch   300] Train loss: 6.923 

 2024-02-23 11:30:22 Training epoch 13
acc_final_all:51.7% acc_final_avg:51.7%
acc_layer_all:52.6% acc_layer_avg:52.7%
acc_pro_all:0.0% acc_pro_avg:0.0%
[Epoch 12 Batch 300] ZSL test accuracy is 52.7%, Best_acc [60.4% | Epoch-5]

[Epoch 12, Batch   300] Train loss: 6.923 

 2024-02-23 11:30:46 Training epoch 13
acc_final_all:49.7% acc_final_avg:49.7%
acc_layer_all:49.5% acc_layer_avg:49.5%
acc_pro_all:0.0% acc_pro_avg:0.0%
[Epoch 13 Batch 300] ZSL test accuracy is 49.5%, Best_acc [60.4% | Epoch-5]

[Epoch 13, Batch   300] Train loss: 6.909 

 2024-02-23 11:32:37 Training epoch 14
acc_final_all:49.7% acc_final_avg:49.7%
acc_layer_all:49.5% acc_layer_avg:49.5%
acc_pro_all:0.0% acc_pro_avg:0.0%
[Epoch 13 Batch 300] ZSL test accuracy is 49.5%, Best_acc [60.4% | Epoch-5]

[Epoch 13, Batch   300] Train loss: 6.909 

 2024-02-23 11:33:24 Training epoch 14
acc_final_all:49.7% acc_final_avg:49.7%
acc_layer_all:49.5% acc_layer_avg:49.5%
acc_pro_all:0.0% acc_pro_avg:0.0%
[Epoch 13 Batch 300] ZSL test accuracy is 49.5%, Best_acc [60.4% | Epoch-5]

[Epoch 13, Batch   300] Train loss: 6.909 

 2024-02-23 11:33:54 Training epoch 14
acc_final_all:48.9% acc_final_avg:48.9%
acc_layer_all:47.6% acc_layer_avg:47.6%
acc_pro_all:0.0% acc_pro_avg:0.0%
[Epoch 14 Batch 300] ZSL test accuracy is 47.6%, Best_acc [60.4% | Epoch-5]

[Epoch 14, Batch   300] Train loss: 6.898 

 2024-02-23 11:35:39 Training epoch 15
acc_final_all:48.9% acc_final_avg:48.9%
acc_layer_all:47.6% acc_layer_avg:47.6%
acc_pro_all:0.0% acc_pro_avg:0.0%
[Epoch 14 Batch 300] ZSL test accuracy is 47.6%, Best_acc [60.4% | Epoch-5]

[Epoch 14, Batch   300] Train loss: 6.898 

 2024-02-23 11:36:21 Training epoch 15
acc_final_all:48.9% acc_final_avg:48.9%
acc_layer_all:47.6% acc_layer_avg:47.6%
acc_pro_all:0.0% acc_pro_avg:0.0%
[Epoch 14 Batch 300] ZSL test accuracy is 47.6%, Best_acc [60.4% | Epoch-5]

[Epoch 14, Batch   300] Train loss: 6.898 

 2024-02-23 11:37:06 Training epoch 15
acc_final_all:47.8% acc_final_avg:47.8%
acc_layer_all:48.8% acc_layer_avg:48.8%
acc_pro_all:0.0% acc_pro_avg:0.0%
[Epoch 15 Batch 300] ZSL test accuracy is 48.8%, Best_acc [60.4% | Epoch-5]

[Epoch 15, Batch   300] Train loss: 6.892 

 2024-02-23 11:38:39 Training epoch 16
acc_final_all:47.8% acc_final_avg:47.8%
acc_layer_all:48.8% acc_layer_avg:48.8%
acc_pro_all:0.0% acc_pro_avg:0.0%
[Epoch 15 Batch 300] ZSL test accuracy is 48.8%, Best_acc [60.4% | Epoch-5]

[Epoch 15, Batch   300] Train loss: 6.892 

 2024-02-23 11:39:24 Training epoch 16
acc_final_all:47.8% acc_final_avg:47.8%
acc_layer_all:48.8% acc_layer_avg:48.8%
acc_pro_all:0.0% acc_pro_avg:0.0%
[Epoch 15 Batch 300] ZSL test accuracy is 48.8%, Best_acc [60.4% | Epoch-5]

[Epoch 15, Batch   300] Train loss: 6.892 

 2024-02-23 11:40:16 Training epoch 16
acc_final_all:47.2% acc_final_avg:47.2%
acc_layer_all:47.8% acc_layer_avg:47.8%
acc_pro_all:0.0% acc_pro_avg:0.0%
[Epoch 16 Batch 300] ZSL test accuracy is 47.8%, Best_acc [60.4% | Epoch-5]

[Epoch 16, Batch   300] Train loss: 6.885 

 2024-02-23 11:41:38 Training epoch 17
acc_final_all:47.2% acc_final_avg:47.2%
acc_layer_all:47.8% acc_layer_avg:47.8%
acc_pro_all:0.0% acc_pro_avg:0.0%
[Epoch 16 Batch 300] ZSL test accuracy is 47.8%, Best_acc [60.4% | Epoch-5]

[Epoch 16, Batch   300] Train loss: 6.885 

 2024-02-23 11:42:25 Training epoch 17
acc_final_all:47.2% acc_final_avg:47.2%
acc_layer_all:47.8% acc_layer_avg:47.8%
acc_pro_all:0.0% acc_pro_avg:0.0%
[Epoch 16 Batch 300] ZSL test accuracy is 47.8%, Best_acc [60.4% | Epoch-5]

[Epoch 16, Batch   300] Train loss: 6.885 

 2024-02-23 11:43:24 Training epoch 17
acc_final_all:49.9% acc_final_avg:49.9%
acc_layer_all:49.3% acc_layer_avg:49.3%
acc_pro_all:0.0% acc_pro_avg:0.0%
[Epoch 17 Batch 300] ZSL test accuracy is 49.3%, Best_acc [60.4% | Epoch-5]

[Epoch 17, Batch   300] Train loss: 6.872 

 2024-02-23 11:44:40 Training epoch 18
acc_final_all:49.9% acc_final_avg:49.9%
acc_layer_all:49.3% acc_layer_avg:49.3%
acc_pro_all:0.0% acc_pro_avg:0.0%
[Epoch 17 Batch 300] ZSL test accuracy is 49.3%, Best_acc [60.4% | Epoch-5]

[Epoch 17, Batch   300] Train loss: 6.872 

 2024-02-23 11:45:23 Training epoch 18
acc_final_all:49.9% acc_final_avg:49.9%
acc_layer_all:49.3% acc_layer_avg:49.3%
acc_pro_all:0.0% acc_pro_avg:0.0%
[Epoch 17 Batch 300] ZSL test accuracy is 49.3%, Best_acc [60.4% | Epoch-5]

[Epoch 17, Batch   300] Train loss: 6.872 

 2024-02-23 11:46:32 Training epoch 18
acc_final_all:47.6% acc_final_avg:47.6%
acc_layer_all:47.5% acc_layer_avg:47.5%
acc_pro_all:0.0% acc_pro_avg:0.0%
[Epoch 18 Batch 300] ZSL test accuracy is 47.5%, Best_acc [60.4% | Epoch-5]

[Epoch 18, Batch   300] Train loss: 6.862 

 2024-02-23 11:47:42 Training epoch 19
acc_final_all:47.6% acc_final_avg:47.6%
acc_layer_all:47.5% acc_layer_avg:47.5%
acc_pro_all:0.0% acc_pro_avg:0.0%
[Epoch 18 Batch 300] ZSL test accuracy is 47.5%, Best_acc [60.4% | Epoch-5]

[Epoch 18, Batch   300] Train loss: 6.862 

 2024-02-23 11:48:28 Training epoch 19
acc_final_all:47.6% acc_final_avg:47.6%
acc_layer_all:47.5% acc_layer_avg:47.5%
acc_pro_all:0.0% acc_pro_avg:0.0%
[Epoch 18 Batch 300] ZSL test accuracy is 47.5%, Best_acc [60.4% | Epoch-5]

[Epoch 18, Batch   300] Train loss: 6.862 

 2024-02-23 11:49:44 Training epoch 19
acc_final_all:44.3% acc_final_avg:44.3%
acc_layer_all:44.3% acc_layer_avg:44.3%
acc_pro_all:0.0% acc_pro_avg:0.0%
[Epoch 19 Batch 300] ZSL test accuracy is 44.3%, Best_acc [60.4% | Epoch-5]

[Epoch 19, Batch   300] Train loss: 6.858 

 2024-02-23 11:50:38 Training epoch 20
acc_final_all:44.3% acc_final_avg:44.3%
acc_layer_all:44.3% acc_layer_avg:44.3%
acc_pro_all:0.0% acc_pro_avg:0.0%
[Epoch 19 Batch 300] ZSL test accuracy is 44.3%, Best_acc [60.4% | Epoch-5]

[Epoch 19, Batch   300] Train loss: 6.858 

 2024-02-23 11:51:30 Training epoch 20
acc_final_all:44.3% acc_final_avg:44.3%
acc_layer_all:44.3% acc_layer_avg:44.3%
acc_pro_all:0.0% acc_pro_avg:0.0%
[Epoch 19 Batch 300] ZSL test accuracy is 44.3%, Best_acc [60.4% | Epoch-5]

[Epoch 19, Batch   300] Train loss: 6.858 

 2024-02-23 11:52:48 Training epoch 20
acc_final_all:46.8% acc_final_avg:46.8%
acc_layer_all:47.4% acc_layer_avg:47.4%
acc_pro_all:0.0% acc_pro_avg:0.0%
[Epoch 20 Batch 300] ZSL test accuracy is 47.4%, Best_acc [60.4% | Epoch-5]

[Epoch 20, Batch   300] Train loss: 6.852 

 2024-02-23 11:53:39 Training epoch 21
acc_final_all:46.8% acc_final_avg:46.8%
acc_layer_all:47.4% acc_layer_avg:47.4%
acc_pro_all:0.0% acc_pro_avg:0.0%
[Epoch 20 Batch 300] ZSL test accuracy is 47.4%, Best_acc [60.4% | Epoch-5]

[Epoch 20, Batch   300] Train loss: 6.852 

 2024-02-23 11:54:35 Training epoch 21
acc_final_all:46.8% acc_final_avg:46.8%
acc_layer_all:47.4% acc_layer_avg:47.4%
acc_pro_all:0.0% acc_pro_avg:0.0%
[Epoch 20 Batch 300] ZSL test accuracy is 47.4%, Best_acc [60.4% | Epoch-5]

[Epoch 20, Batch   300] Train loss: 6.852 

 2024-02-23 11:55:55 Training epoch 21
acc_final_all:47.1% acc_final_avg:47.1%
acc_layer_all:47.4% acc_layer_avg:47.4%
acc_pro_all:0.0% acc_pro_avg:0.0%
[Epoch 21 Batch 300] ZSL test accuracy is 47.4%, Best_acc [60.4% | Epoch-5]

[Epoch 21, Batch   300] Train loss: 6.856 

 2024-02-23 11:56:39 Training epoch 22
acc_final_all:47.1% acc_final_avg:47.1%
acc_layer_all:47.4% acc_layer_avg:47.4%
acc_pro_all:0.0% acc_pro_avg:0.0%
[Epoch 21 Batch 300] ZSL test accuracy is 47.4%, Best_acc [60.4% | Epoch-5]

[Epoch 21, Batch   300] Train loss: 6.856 

 2024-02-23 11:57:37 Training epoch 22
acc_final_all:47.1% acc_final_avg:47.1%
acc_layer_all:47.4% acc_layer_avg:47.4%
acc_pro_all:0.0% acc_pro_avg:0.0%
[Epoch 21 Batch 300] ZSL test accuracy is 47.4%, Best_acc [60.4% | Epoch-5]

[Epoch 21, Batch   300] Train loss: 6.856 

 2024-02-23 11:58:57 Training epoch 22
acc_final_all:45.8% acc_final_avg:45.8%
acc_layer_all:46.3% acc_layer_avg:46.3%
acc_pro_all:0.0% acc_pro_avg:0.0%
[Epoch 22 Batch 300] ZSL test accuracy is 46.3%, Best_acc [60.4% | Epoch-5]

[Epoch 22, Batch   300] Train loss: 6.839 

 2024-02-23 11:59:42 Training epoch 23
acc_final_all:45.8% acc_final_avg:45.8%
acc_layer_all:46.3% acc_layer_avg:46.3%
acc_pro_all:0.0% acc_pro_avg:0.0%
[Epoch 22 Batch 300] ZSL test accuracy is 46.3%, Best_acc [60.4% | Epoch-5]

[Epoch 22, Batch   300] Train loss: 6.839 

 2024-02-23 12:00:32 Training epoch 23
acc_final_all:45.8% acc_final_avg:45.8%
acc_layer_all:46.3% acc_layer_avg:46.3%
acc_pro_all:0.0% acc_pro_avg:0.0%
[Epoch 22 Batch 300] ZSL test accuracy is 46.3%, Best_acc [60.4% | Epoch-5]

[Epoch 22, Batch   300] Train loss: 6.839 

 2024-02-23 12:02:04 Training epoch 23
acc_final_all:43.8% acc_final_avg:43.8%
acc_layer_all:45.2% acc_layer_avg:45.2%
acc_pro_all:0.0% acc_pro_avg:0.0%
[Epoch 23 Batch 300] ZSL test accuracy is 45.2%, Best_acc [60.4% | Epoch-5]

[Epoch 23, Batch   300] Train loss: 6.830 

 2024-02-23 12:02:38 Training epoch 24
acc_final_all:43.8% acc_final_avg:43.8%
acc_layer_all:45.2% acc_layer_avg:45.2%
acc_pro_all:0.0% acc_pro_avg:0.0%
[Epoch 23 Batch 300] ZSL test accuracy is 45.2%, Best_acc [60.4% | Epoch-5]

[Epoch 23, Batch   300] Train loss: 6.830 

 2024-02-23 12:03:33 Training epoch 24
acc_final_all:43.8% acc_final_avg:43.8%
acc_layer_all:45.2% acc_layer_avg:45.2%
acc_pro_all:0.0% acc_pro_avg:0.0%
[Epoch 23 Batch 300] ZSL test accuracy is 45.2%, Best_acc [60.4% | Epoch-5]

[Epoch 23, Batch   300] Train loss: 6.830 

 2024-02-23 12:05:12 Training epoch 24
acc_final_all:44.6% acc_final_avg:44.6%
acc_layer_all:44.2% acc_layer_avg:44.2%
acc_pro_all:0.0% acc_pro_avg:0.0%
[Epoch 24 Batch 300] ZSL test accuracy is 44.2%, Best_acc [60.4% | Epoch-5]

[Epoch 24, Batch   300] Train loss: 6.839 

 2024-02-23 12:05:40 Training epoch 25
acc_final_all:44.6% acc_final_avg:44.6%
acc_layer_all:44.2% acc_layer_avg:44.2%
acc_pro_all:0.0% acc_pro_avg:0.0%
[Epoch 24 Batch 300] ZSL test accuracy is 44.2%, Best_acc [60.4% | Epoch-5]

[Epoch 24, Batch   300] Train loss: 6.839 

 2024-02-23 12:06:28 Training epoch 25
acc_final_all:44.6% acc_final_avg:44.6%
acc_layer_all:44.2% acc_layer_avg:44.2%
acc_pro_all:0.0% acc_pro_avg:0.0%
[Epoch 24 Batch 300] ZSL test accuracy is 44.2%, Best_acc [60.4% | Epoch-5]

[Epoch 24, Batch   300] Train loss: 6.839 

 2024-02-23 12:08:16 Training epoch 25
acc_final_all:44.5% acc_final_avg:44.5%
acc_layer_all:44.7% acc_layer_avg:44.7%
acc_pro_all:0.0% acc_pro_avg:0.0%
[Epoch 25 Batch 300] ZSL test accuracy is 44.7%, Best_acc [60.4% | Epoch-5]

[Epoch 25, Batch   300] Train loss: 6.839 

 2024-02-23 12:08:36 Training epoch 26
acc_final_all:44.5% acc_final_avg:44.5%
acc_layer_all:44.7% acc_layer_avg:44.7%
acc_pro_all:0.0% acc_pro_avg:0.0%
[Epoch 25 Batch 300] ZSL test accuracy is 44.7%, Best_acc [60.4% | Epoch-5]

[Epoch 25, Batch   300] Train loss: 6.839 

 2024-02-23 12:09:35 Training epoch 26
acc_final_all:44.5% acc_final_avg:44.5%
acc_layer_all:44.7% acc_layer_avg:44.7%
acc_pro_all:0.0% acc_pro_avg:0.0%
[Epoch 25 Batch 300] ZSL test accuracy is 44.7%, Best_acc [60.4% | Epoch-5]

[Epoch 25, Batch   300] Train loss: 6.839 

 2024-02-23 12:11:24 Training epoch 26
acc_final_all:44.9% acc_final_avg:44.9%
acc_layer_all:45.6% acc_layer_avg:45.6%
acc_pro_all:0.0% acc_pro_avg:0.0%
[Epoch 26 Batch 300] ZSL test accuracy is 45.6%, Best_acc [60.4% | Epoch-5]

[Epoch 26, Batch   300] Train loss: 6.827 

 2024-02-23 12:11:30 Training epoch 27
acc_final_all:44.9% acc_final_avg:44.9%
acc_layer_all:45.6% acc_layer_avg:45.6%
acc_pro_all:0.0% acc_pro_avg:0.0%
[Epoch 26 Batch 300] ZSL test accuracy is 45.6%, Best_acc [60.4% | Epoch-5]

[Epoch 26, Batch   300] Train loss: 6.827 

 2024-02-23 12:12:41 Training epoch 27
acc_final_all:44.1% acc_final_avg:44.1%
acc_layer_all:44.1% acc_layer_avg:44.1%
acc_pro_all:0.0% acc_pro_avg:0.0%
[Epoch 27 Batch 300] ZSL test accuracy is 44.1%, Best_acc [60.4% | Epoch-5]

[Epoch 27, Batch   300] Train loss: 6.822 

 2024-02-23 12:14:30 Training epoch 28
acc_final_all:44.9% acc_final_avg:44.9%
acc_layer_all:45.6% acc_layer_avg:45.6%
acc_pro_all:0.0% acc_pro_avg:0.0%
[Epoch 26 Batch 300] ZSL test accuracy is 45.6%, Best_acc [60.4% | Epoch-5]

[Epoch 26, Batch   300] Train loss: 6.827 

 2024-02-23 12:14:33 Training epoch 27
acc_final_all:44.1% acc_final_avg:44.1%
acc_layer_all:44.1% acc_layer_avg:44.1%
acc_pro_all:0.0% acc_pro_avg:0.0%
[Epoch 27 Batch 300] ZSL test accuracy is 44.1%, Best_acc [60.4% | Epoch-5]

[Epoch 27, Batch   300] Train loss: 6.822 

 2024-02-23 12:15:45 Training epoch 28
acc_final_all:45.0% acc_final_avg:45.0%
acc_layer_all:44.3% acc_layer_avg:44.3%
acc_pro_all:0.0% acc_pro_avg:0.0%
[Epoch 28 Batch 300] ZSL test accuracy is 44.3%, Best_acc [60.4% | Epoch-5]

[Epoch 28, Batch   300] Train loss: 6.811 

 2024-02-23 12:17:33 Training epoch 29
acc_final_all:44.1% acc_final_avg:44.1%
acc_layer_all:44.1% acc_layer_avg:44.1%
acc_pro_all:0.0% acc_pro_avg:0.0%
[Epoch 27 Batch 300] ZSL test accuracy is 44.1%, Best_acc [60.4% | Epoch-5]

[Epoch 27, Batch   300] Train loss: 6.822 

 2024-02-23 12:17:42 Training epoch 28
acc_final_all:45.0% acc_final_avg:45.0%
acc_layer_all:44.3% acc_layer_avg:44.3%
acc_pro_all:0.0% acc_pro_avg:0.0%
[Epoch 28 Batch 300] ZSL test accuracy is 44.3%, Best_acc [60.4% | Epoch-5]

[Epoch 28, Batch   300] Train loss: 6.811 

 2024-02-23 12:18:48 Training epoch 29
acc_final_all:42.7% acc_final_avg:42.7%
acc_layer_all:42.6% acc_layer_avg:42.6%
acc_pro_all:0.0% acc_pro_avg:0.0%
[Epoch 29 Batch 300] ZSL test accuracy is 42.6%, Best_acc [60.4% | Epoch-5]

[Epoch 29, Batch   300] Train loss: 6.808 
acc_final_all:45.0% acc_final_avg:45.0%
acc_layer_all:44.3% acc_layer_avg:44.3%
acc_pro_all:0.0% acc_pro_avg:0.0%
[Epoch 28 Batch 300] ZSL test accuracy is 44.3%, Best_acc [60.4% | Epoch-5]

[Epoch 28, Batch   300] Train loss: 6.811 

 2024-02-23 12:20:49 Training epoch 29
acc_final_all:42.7% acc_final_avg:42.7%
acc_layer_all:42.6% acc_layer_avg:42.6%
acc_pro_all:0.0% acc_pro_avg:0.0%
[Epoch 29 Batch 300] ZSL test accuracy is 42.6%, Best_acc [60.4% | Epoch-5]

[Epoch 29, Batch   300] Train loss: 6.808 
acc_final_all:42.7% acc_final_avg:42.7%
acc_layer_all:42.6% acc_layer_avg:42.6%
acc_pro_all:0.0% acc_pro_avg:0.0%
[Epoch 29 Batch 300] ZSL test accuracy is 42.6%, Best_acc [60.4% | Epoch-5]

[Epoch 29, Batch   300] Train loss: 6.808 
